<?xml version="1.0" encoding="UTF-8"?>
<!-- Generated by org.testng.reporters.JUnitReportReporter -->
<testsuite hostname="BLR1-LHP-N61317" failures="0" tests="1" name="com.qa.api.gorest.tests.GetImgurAPI" time="4.538" errors="0" timestamp="04 Dec 2019 02:01:42 GMT" skipped="0">
  <testcase classname="com.qa.api.gorest.tests.GetImgurAPI" name="getAccountBase" time="4.538"/>
</testsuite> <!-- com.qa.api.gorest.tests.GetImgurAPI -->
