<?xml version="1.0" encoding="UTF-8"?>
<!-- Generated by org.testng.reporters.JUnitReportReporter -->
<testsuite hostname="BLR1-LHP-N61317" failures="0" tests="2" name="com.qa.api.gorest.tests.GetUserAPI" time="2.843" errors="0" timestamp="04 Dec 2019 01:44:00 GMT" skipped="0">
  <testcase classname="com.qa.api.gorest.tests.GetUserAPI" name="getAllUserData" time="2.296"/>
  <testcase classname="com.qa.api.gorest.tests.GetUserAPI" name="getUserData" time="0.547"/>
</testsuite> <!-- com.qa.api.gorest.tests.GetUserAPI -->
