<?xml version="1.0" encoding="UTF-8"?>
<!-- Generated by org.testng.reporters.JUnitReportReporter -->
<testsuite hostname="BLR1-LHP-N61317" failures="0" tests="2" name="com.qa.api.gorest.tests.GetUserAPI" time="2.666" errors="0" timestamp="28 Nov 2019 11:23:02 GMT" skipped="0">
  <testcase classname="com.qa.api.gorest.tests.GetUserAPI" name="getAllUserData" time="2.025"/>
  <testcase classname="com.qa.api.gorest.tests.GetUserAPI" name="getUserData" time="0.641"/>
</testsuite> <!-- com.qa.api.gorest.tests.GetUserAPI -->
