<?xml version="1.0" encoding="UTF-8"?>
<!-- Generated by org.testng.reporters.JUnitReportReporter -->
<testsuite hostname="BLR1-LHP-N61317" failures="0" tests="1" name="com.qa.api.gorest.tests.GetImgurAPI" time="4.518" errors="0" timestamp="29 Nov 2019 02:33:49 GMT" skipped="0">
  <testcase classname="com.qa.api.gorest.tests.GetImgurAPI" name="getAccountBase" time="4.518"/>
</testsuite> <!-- com.qa.api.gorest.tests.GetImgurAPI -->
