<?xml version="1.0" encoding="UTF-8"?>
<!-- Generated by org.testng.reporters.JUnitReportReporter -->
<testsuite hostname="BLR1-LHP-N61317" failures="0" tests="2" name="com.qa.api.gorest.tests.GetUserAPI" time="1.296" errors="0" timestamp="31 Dec 2019 05:15:37 GMT" skipped="0">
  <testcase classname="com.qa.api.gorest.tests.GetUserAPI" name="getAllUserData" time="0.832"/>
  <testcase classname="com.qa.api.gorest.tests.GetUserAPI" name="getUserData" time="0.464"/>
</testsuite> <!-- com.qa.api.gorest.tests.GetUserAPI -->
