<?xml version="1.0" encoding="UTF-8"?>
<!-- Generated by org.testng.reporters.JUnitReportReporter -->
<testsuite hostname="BLR1-LHP-N61317" failures="0" tests="3" name="com.qa.api.gorest.tests.GetImgurAPI" time="26.101" errors="0" timestamp="31 Dec 2019 05:15:37 GMT" skipped="0">
  <testcase classname="com.qa.api.gorest.tests.GetImgurAPI" name="getAccountBase" time="3.004"/>
  <testcase classname="com.qa.api.gorest.tests.GetImgurAPI" name="uploadImagePostAPITest" time="18.113"/>
  <testcase classname="com.qa.api.gorest.tests.GetImgurAPI" name="getAccountBlockStatus" time="4.984"/>
</testsuite> <!-- com.qa.api.gorest.tests.GetImgurAPI -->
