<?xml version="1.0" encoding="UTF-8"?>
<!-- Generated by org.testng.reporters.JUnitReportReporter -->
<testsuite hostname="BLR1-LHP-N61317" failures="0" tests="1" name="com.qa.api.gorest.tests.GetImgurAPI" time="17.051" errors="0" timestamp="31 Dec 2019 04:34:48 GMT" skipped="0">
  <testcase classname="com.qa.api.gorest.tests.GetImgurAPI" name="uploadImagePostAPITest" time="17.051"/>
</testsuite> <!-- com.qa.api.gorest.tests.GetImgurAPI -->
