<?xml version="1.0" encoding="UTF-8"?>
<!-- Generated by org.testng.reporters.JUnitReportReporter -->
<testsuite hostname="BLR1-LHP-N61317" failures="0" tests="4" name="com.qa.api.gorest.tests.CreateUserTest" time="5.401" errors="0" timestamp="28 Nov 2019 13:05:58 GMT" skipped="0">
  <testcase classname="com.qa.api.gorest.tests.CreateUserTest" name="createUserPostCall" time="0.814"/>
  <testcase classname="com.qa.api.gorest.tests.CreateUserTest" name="createUserPostCall" time="2.551"/>
  <testcase classname="com.qa.api.gorest.tests.CreateUserTest" name="createUserPostCall" time="1.122"/>
  <testcase classname="com.qa.api.gorest.tests.CreateUserTest" name="createUserPostCall" time="0.914"/>
</testsuite> <!-- com.qa.api.gorest.tests.CreateUserTest -->
